<?xml version="1.0" encoding="UTF-8"?>
<coverage generated="1733072493879" clover="3.2.0">
  <project timestamp="1733072493879" name="All files">
    <metrics statements="185" coveredstatements="75" conditionals="109" coveredconditionals="44" methods="14" coveredmethods="3" elements="308" coveredelements="122" complexity="0" loc="185" ncloc="185" packages="1" files="2" classes="2"/>
    <file name="eventController.js" path="C:\Users\javichr11\Desktop\Nueva carpeta\PIN-Backend\BackEnd\src\controllers\eventController.js">
      <metrics statements="109" coveredstatements="45" conditionals="61" coveredconditionals="28" methods="10" coveredmethods="2"/>
      <line num="1" count="2" type="stmt"/>
      <line num="2" count="2" type="stmt"/>
      <line num="3" count="2" type="stmt"/>
      <line num="5" count="2" type="stmt"/>
      <line num="6" count="2" type="stmt"/>
      <line num="10" count="2" type="stmt"/>
      <line num="11" count="2" type="stmt"/>
      <line num="12" count="2" type="stmt"/>
      <line num="13" count="2" type="stmt"/>
      <line num="16" count="2" type="cond" truecount="8" falsecount="0"/>
      <line num="17" count="1" type="stmt"/>
      <line num="20" count="1" type="stmt"/>
      <line num="21" count="1" type="cond" truecount="1" falsecount="1"/>
      <line num="22" count="1" type="cond" truecount="1" falsecount="1"/>
      <line num="23" count="0" type="stmt"/>
      <line num="26" count="1" type="stmt"/>
      <line num="27" count="1" type="stmt"/>
      <line num="32" count="1" type="cond" truecount="1" falsecount="1"/>
      <line num="33" count="0" type="stmt"/>
      <line num="34" count="0" type="stmt"/>
      <line num="38" count="1" type="stmt"/>
      <line num="43" count="1" type="cond" truecount="1" falsecount="1"/>
      <line num="44" count="0" type="stmt"/>
      <line num="47" count="1" type="cond" truecount="1" falsecount="1"/>
      <line num="48" count="0" type="stmt"/>
      <line num="51" count="1" type="stmt"/>
      <line num="55" count="1" type="stmt"/>
      <line num="71" count="1" type="cond" truecount="1" falsecount="1"/>
      <line num="72" count="0" type="stmt"/>
      <line num="75" count="1" type="stmt"/>
      <line num="77" count="0" type="stmt"/>
      <line num="82" count="2" type="stmt"/>
      <line num="83" count="0" type="stmt"/>
      <line num="84" count="0" type="stmt"/>
      <line num="88" count="0" type="cond" truecount="0" falsecount="2"/>
      <line num="89" count="0" type="stmt"/>
      <line num="91" count="0" type="stmt"/>
      <line num="93" count="0" type="stmt"/>
      <line num="97" count="2" type="stmt"/>
      <line num="98" count="0" type="stmt"/>
      <line num="100" count="0" type="stmt"/>
      <line num="102" count="0" type="stmt"/>
      <line num="104" count="0" type="stmt"/>
      <line num="109" count="0" type="cond" truecount="0" falsecount="2"/>
      <line num="110" count="0" type="stmt"/>
      <line num="111" count="0" type="stmt"/>
      <line num="114" count="0" type="stmt"/>
      <line num="119" count="0" type="cond" truecount="0" falsecount="2"/>
      <line num="120" count="0" type="stmt"/>
      <line num="121" count="0" type="stmt"/>
      <line num="124" count="0" type="stmt"/>
      <line num="126" count="0" type="stmt"/>
      <line num="127" count="0" type="stmt"/>
      <line num="132" count="2" type="stmt"/>
      <line num="133" count="3" type="stmt"/>
      <line num="136" count="3" type="cond" truecount="3" falsecount="1"/>
      <line num="137" count="0" type="stmt"/>
      <line num="140" count="3" type="stmt"/>
      <line num="142" count="3" type="stmt"/>
      <line num="148" count="3" type="cond" truecount="1" falsecount="1"/>
      <line num="149" count="0" type="stmt"/>
      <line num="152" count="3" type="cond" truecount="1" falsecount="1"/>
      <line num="153" count="0" type="stmt"/>
      <line num="157" count="3" type="stmt"/>
      <line num="164" count="3" type="cond" truecount="3" falsecount="1"/>
      <line num="165" count="0" type="stmt"/>
      <line num="168" count="3" type="cond" truecount="2" falsecount="0"/>
      <line num="169" count="1" type="stmt"/>
      <line num="173" count="2" type="cond" truecount="2" falsecount="0"/>
      <line num="174" count="1" type="stmt"/>
      <line num="178" count="1" type="cond" truecount="1" falsecount="1"/>
      <line num="179" count="0" type="stmt"/>
      <line num="183" count="1" type="stmt"/>
      <line num="188" count="1" type="cond" truecount="1" falsecount="1"/>
      <line num="189" count="0" type="stmt"/>
      <line num="192" count="1" type="stmt"/>
      <line num="194" count="1" type="stmt"/>
      <line num="197" count="0" type="stmt"/>
      <line num="198" count="0" type="stmt"/>
      <line num="206" count="0" type="stmt"/>
      <line num="212" count="0" type="cond" truecount="0" falsecount="2"/>
      <line num="213" count="0" type="stmt"/>
      <line num="216" count="0" type="cond" truecount="0" falsecount="2"/>
      <line num="217" count="0" type="stmt"/>
      <line num="219" count="0" type="stmt"/>
      <line num="225" count="0" type="stmt"/>
      <line num="229" count="0" type="cond" truecount="0" falsecount="2"/>
      <line num="230" count="0" type="stmt"/>
      <line num="233" count="0" type="stmt"/>
      <line num="238" count="0" type="stmt"/>
      <line num="239" count="0" type="cond" truecount="0" falsecount="2"/>
      <line num="240" count="0" type="cond" truecount="0" falsecount="2"/>
      <line num="243" count="0" type="stmt"/>
      <line num="244" count="0" type="cond" truecount="0" falsecount="2"/>
      <line num="246" count="0" type="cond" truecount="0" falsecount="3"/>
      <line num="252" count="0" type="stmt"/>
      <line num="253" count="0" type="stmt"/>
      <line num="258" count="2" type="stmt"/>
      <line num="259" count="0" type="stmt"/>
      <line num="260" count="0" type="stmt"/>
      <line num="261" count="0" type="stmt"/>
      <line num="263" count="0" type="stmt"/>
      <line num="264" count="0" type="stmt"/>
      <line num="266" count="0" type="stmt"/>
      <line num="267" count="0" type="stmt"/>
      <line num="269" count="0" type="stmt"/>
      <line num="270" count="0" type="stmt"/>
      <line num="272" count="0" type="stmt"/>
      <line num="279" count="0" type="stmt"/>
    </file>
    <file name="userController.js" path="C:\Users\javichr11\Desktop\Nueva carpeta\PIN-Backend\BackEnd\src\controllers\userController.js">
      <metrics statements="76" coveredstatements="30" conditionals="48" coveredconditionals="16" methods="4" coveredmethods="1"/>
      <line num="1" count="1" type="stmt"/>
      <line num="2" count="1" type="stmt"/>
      <line num="3" count="1" type="stmt"/>
      <line num="5" count="1" type="stmt"/>
      <line num="6" count="1" type="stmt"/>
      <line num="8" count="1" type="stmt"/>
      <line num="9" count="2" type="stmt"/>
      <line num="10" count="2" type="stmt"/>
      <line num="11" count="2" type="stmt"/>
      <line num="13" count="2" type="stmt"/>
      <line num="14" count="2" type="cond" truecount="1" falsecount="1"/>
      <line num="15" count="2" type="cond" truecount="2" falsecount="0"/>
      <line num="16" count="2" type="cond" truecount="1" falsecount="1"/>
      <line num="17" count="2" type="cond" truecount="1" falsecount="1"/>
      <line num="18" count="2" type="cond" truecount="1" falsecount="1"/>
      <line num="23" count="2" type="cond" truecount="2" falsecount="0"/>
      <line num="24" count="1" type="stmt"/>
      <line num="29" count="1" type="stmt"/>
      <line num="35" count="1" type="cond" truecount="2" falsecount="2"/>
      <line num="36" count="0" type="stmt"/>
      <line num="39" count="1" type="cond" truecount="1" falsecount="1"/>
      <line num="40" count="0" type="stmt"/>
      <line num="43" count="1" type="stmt"/>
      <line num="49" count="1" type="cond" truecount="2" falsecount="2"/>
      <line num="50" count="0" type="stmt"/>
      <line num="53" count="1" type="cond" truecount="1" falsecount="1"/>
      <line num="54" count="0" type="stmt"/>
      <line num="57" count="1" type="stmt"/>
      <line num="58" count="1" type="cond" truecount="1" falsecount="1"/>
      <line num="59" count="0" type="cond" truecount="0" falsecount="2"/>
      <line num="60" count="0" type="stmt"/>
      <line num="63" count="0" type="stmt"/>
      <line num="64" count="0" type="stmt"/>
      <line num="69" count="0" type="cond" truecount="0" falsecount="2"/>
      <line num="70" count="0" type="stmt"/>
      <line num="71" count="0" type="stmt"/>
      <line num="75" count="0" type="stmt"/>
      <line num="80" count="0" type="cond" truecount="0" falsecount="2"/>
      <line num="81" count="0" type="stmt"/>
      <line num="84" count="0" type="cond" truecount="0" falsecount="2"/>
      <line num="85" count="0" type="stmt"/>
      <line num="88" count="0" type="stmt"/>
      <line num="92" count="1" type="stmt"/>
      <line num="104" count="1" type="cond" truecount="1" falsecount="1"/>
      <line num="105" count="0" type="stmt"/>
      <line num="108" count="1" type="stmt"/>
      <line num="110" count="0" type="stmt"/>
      <line num="117" count="1" type="stmt"/>
      <line num="119" count="0" type="stmt"/>
      <line num="121" count="0" type="stmt"/>
      <line num="125" count="0" type="cond" truecount="0" falsecount="2"/>
      <line num="126" count="0" type="stmt"/>
      <line num="129" count="0" type="stmt"/>
      <line num="131" count="1" type="stmt"/>
      <line num="133" count="0" type="stmt"/>
      <line num="135" count="0" type="cond" truecount="0" falsecount="2"/>
      <line num="136" count="0" type="stmt"/>
      <line num="139" count="0" type="stmt"/>
      <line num="141" count="0" type="stmt"/>
      <line num="143" count="0" type="stmt"/>
      <line num="148" count="0" type="cond" truecount="0" falsecount="2"/>
      <line num="149" count="0" type="stmt"/>
      <line num="150" count="0" type="stmt"/>
      <line num="152" count="0" type="stmt"/>
      <line num="154" count="0" type="stmt"/>
      <line num="155" count="0" type="stmt"/>
      <line num="156" count="0" type="cond" truecount="0" falsecount="2"/>
      <line num="157" count="0" type="stmt"/>
      <line num="161" count="0" type="cond" truecount="0" falsecount="2"/>
      <line num="163" count="0" type="stmt"/>
      <line num="168" count="0" type="cond" truecount="0" falsecount="2"/>
      <line num="169" count="0" type="stmt"/>
      <line num="170" count="0" type="stmt"/>
      <line num="174" count="0" type="stmt"/>
      <line num="178" count="0" type="stmt"/>
      <line num="179" count="0" type="stmt"/>
    </file>
  </project>
</coverage>
