{"C:\\Users\\javichr11\\Desktop\\Nueva carpeta\\PIN-Backend\\BackEnd\\src\\controllers\\eventController.js": {"path":"C:\\Users\\javichr11\\Desktop\\Nueva carpeta\\PIN-Backend\\BackEnd\\src\\controllers\\eventController.js","statementMap":{"0":{"start":{"line":1,"column":17},"end":{"line":1,"column":46}},"1":{"start":{"line":2,"column":23},"end":{"line":2,"column":38}},"2":{"start":{"line":3,"column":15},"end":{"line":3,"column":32}},"3":{"start":{"line":5,"column":16},"end":{"line":5,"column":38}},"4":{"start":{"line":6,"column":15},"end":{"line":6,"column":43}},"5":{"start":{"line":10,"column":0},"end":{"line":79,"column":2}},"6":{"start":{"line":11,"column":4},"end":{"line":78,"column":5}},"7":{"start":{"line":12,"column":97},"end":{"line":12,"column":105}},"8":{"start":{"line":13,"column":21},"end":{"line":13,"column":29}},"9":{"start":{"line":16,"column":8},"end":{"line":18,"column":9}},"10":{"start":{"line":17,"column":12},"end":{"line":17,"column":82}},"11":{"start":{"line":20,"column":22},"end":{"line":20,"column":26}},"12":{"start":{"line":21,"column":8},"end":{"line":52,"column":9}},"13":{"start":{"line":22,"column":12},"end":{"line":24,"column":13}},"14":{"start":{"line":23,"column":16},"end":{"line":23,"column":84}},"15":{"start":{"line":26,"column":29},"end":{"line":26,"column":63}},"16":{"start":{"line":27,"column":61},"end":{"line":30,"column":46}},"17":{"start":{"line":32,"column":12},"end":{"line":35,"column":13}},"18":{"start":{"line":33,"column":16},"end":{"line":33,"column":80}},"19":{"start":{"line":34,"column":16},"end":{"line":34,"column":105}},"20":{"start":{"line":38,"column":67},"end":{"line":41,"column":39}},"21":{"start":{"line":43,"column":12},"end":{"line":45,"column":13}},"22":{"start":{"line":44,"column":16},"end":{"line":44,"column":120}},"23":{"start":{"line":47,"column":12},"end":{"line":49,"column":13}},"24":{"start":{"line":48,"column":16},"end":{"line":48,"column":108}},"25":{"start":{"line":51,"column":12},"end":{"line":51,"column":46}},"26":{"start":{"line":55,"column":32},"end":{"line":69,"column":14}},"27":{"start":{"line":71,"column":8},"end":{"line":73,"column":9}},"28":{"start":{"line":72,"column":12},"end":{"line":72,"column":88}},"29":{"start":{"line":75,"column":8},"end":{"line":75,"column":82}},"30":{"start":{"line":77,"column":8},"end":{"line":77,"column":78}},"31":{"start":{"line":82,"column":0},"end":{"line":95,"column":2}},"32":{"start":{"line":83,"column":4},"end":{"line":94,"column":5}},"33":{"start":{"line":84,"column":30},"end":{"line":86,"column":20}},"34":{"start":{"line":88,"column":6},"end":{"line":90,"column":7}},"35":{"start":{"line":89,"column":8},"end":{"line":89,"column":88}},"36":{"start":{"line":91,"column":6},"end":{"line":91,"column":93}},"37":{"start":{"line":93,"column":8},"end":{"line":93,"column":78}},"38":{"start":{"line":97,"column":0},"end":{"line":129,"column":2}},"39":{"start":{"line":98,"column":19},"end":{"line":98,"column":29}},"40":{"start":{"line":100,"column":4},"end":{"line":100,"column":43}},"41":{"start":{"line":102,"column":4},"end":{"line":128,"column":5}},"42":{"start":{"line":104,"column":51},"end":{"line":107,"column":30}},"43":{"start":{"line":109,"column":8},"end":{"line":112,"column":9}},"44":{"start":{"line":110,"column":12},"end":{"line":110,"column":74}},"45":{"start":{"line":111,"column":12},"end":{"line":111,"column":91}},"46":{"start":{"line":114,"column":32},"end":{"line":117,"column":25}},"47":{"start":{"line":119,"column":8},"end":{"line":122,"column":9}},"48":{"start":{"line":120,"column":12},"end":{"line":120,"column":65}},"49":{"start":{"line":121,"column":12},"end":{"line":121,"column":70}},"50":{"start":{"line":124,"column":8},"end":{"line":124,"column":82}},"51":{"start":{"line":126,"column":8},"end":{"line":126,"column":52}},"52":{"start":{"line":127,"column":8},"end":{"line":127,"column":71}},"53":{"start":{"line":132,"column":0},"end":{"line":200,"column":2}},"54":{"start":{"line":133,"column":32},"end":{"line":133,"column":40}},"55":{"start":{"line":136,"column":4},"end":{"line":138,"column":5}},"56":{"start":{"line":137,"column":8},"end":{"line":137,"column":90}},"57":{"start":{"line":140,"column":4},"end":{"line":199,"column":5}},"58":{"start":{"line":142,"column":56},"end":{"line":146,"column":21}},"59":{"start":{"line":148,"column":8},"end":{"line":150,"column":9}},"60":{"start":{"line":149,"column":12},"end":{"line":149,"column":71}},"61":{"start":{"line":152,"column":8},"end":{"line":154,"column":9}},"62":{"start":{"line":153,"column":12},"end":{"line":153,"column":77}},"63":{"start":{"line":157,"column":65},"end":{"line":162,"column":21}},"64":{"start":{"line":164,"column":8},"end":{"line":166,"column":9}},"65":{"start":{"line":165,"column":12},"end":{"line":165,"column":71}},"66":{"start":{"line":168,"column":8},"end":{"line":170,"column":9}},"67":{"start":{"line":169,"column":12},"end":{"line":169,"column":99}},"68":{"start":{"line":173,"column":8},"end":{"line":195,"column":9}},"69":{"start":{"line":174,"column":71},"end":{"line":176,"column":44}},"70":{"start":{"line":178,"column":12},"end":{"line":180,"column":13}},"71":{"start":{"line":179,"column":16},"end":{"line":179,"column":125}},"72":{"start":{"line":183,"column":61},"end":{"line":186,"column":34}},"73":{"start":{"line":188,"column":12},"end":{"line":190,"column":13}},"74":{"start":{"line":189,"column":16},"end":{"line":189,"column":76}},"75":{"start":{"line":192,"column":12},"end":{"line":192,"column":76}},"76":{"start":{"line":194,"column":12},"end":{"line":194,"column":71}},"77":{"start":{"line":197,"column":8},"end":{"line":197,"column":39}},"78":{"start":{"line":198,"column":8},"end":{"line":198,"column":92}},"79":{"start":{"line":206,"column":28},"end":{"line":210,"column":17}},"80":{"start":{"line":212,"column":4},"end":{"line":214,"column":5}},"81":{"start":{"line":213,"column":8},"end":{"line":213,"column":97}},"82":{"start":{"line":216,"column":4},"end":{"line":218,"column":5}},"83":{"start":{"line":217,"column":8},"end":{"line":217,"column":74}},"84":{"start":{"line":219,"column":4},"end":{"line":219,"column":16}},"85":{"start":{"line":225,"column":28},"end":{"line":227,"column":20}},"86":{"start":{"line":229,"column":4},"end":{"line":231,"column":5}},"87":{"start":{"line":230,"column":8},"end":{"line":230,"column":74}},"88":{"start":{"line":233,"column":4},"end":{"line":233,"column":16}},"89":{"start":{"line":238,"column":4},"end":{"line":247,"column":7}},"90":{"start":{"line":239,"column":30},"end":{"line":239,"column":68}},"91":{"start":{"line":240,"column":31},"end":{"line":240,"column":70}},"92":{"start":{"line":243,"column":27},"end":{"line":243,"column":60}},"93":{"start":{"line":244,"column":26},"end":{"line":244,"column":67}},"94":{"start":{"line":246,"column":8},"end":{"line":246,"column":60}},"95":{"start":{"line":252,"column":4},"end":{"line":252,"column":34}},"96":{"start":{"line":253,"column":4},"end":{"line":253,"column":52}},"97":{"start":{"line":258,"column":0},"end":{"line":281,"column":2}},"98":{"start":{"line":259,"column":23},"end":{"line":259,"column":33}},"99":{"start":{"line":260,"column":4},"end":{"line":260,"column":73}},"100":{"start":{"line":261,"column":4},"end":{"line":280,"column":5}},"101":{"start":{"line":263,"column":33},"end":{"line":263,"column":66}},"102":{"start":{"line":264,"column":8},"end":{"line":264,"column":65}},"103":{"start":{"line":266,"column":28},"end":{"line":266,"column":50}},"104":{"start":{"line":267,"column":8},"end":{"line":267,"column":55}},"105":{"start":{"line":269,"column":33},"end":{"line":269,"column":78}},"106":{"start":{"line":270,"column":8},"end":{"line":270,"column":60}},"107":{"start":{"line":272,"column":8},"end":{"line":275,"column":11}},"108":{"start":{"line":279,"column":8},"end":{"line":279,"column":78}}},"fnMap":{"0":{"name":"(anonymous_0)","decl":{"start":{"line":10,"column":23},"end":{"line":10,"column":24}},"loc":{"start":{"line":10,"column":43},"end":{"line":79,"column":1}},"line":10},"1":{"name":"(anonymous_1)","decl":{"start":{"line":82,"column":25},"end":{"line":82,"column":26}},"loc":{"start":{"line":82,"column":45},"end":{"line":95,"column":1}},"line":82},"2":{"name":"(anonymous_2)","decl":{"start":{"line":97,"column":25},"end":{"line":97,"column":26}},"loc":{"start":{"line":97,"column":45},"end":{"line":129,"column":1}},"line":97},"3":{"name":"(anonymous_3)","decl":{"start":{"line":132,"column":27},"end":{"line":132,"column":28}},"loc":{"start":{"line":132,"column":47},"end":{"line":200,"column":1}},"line":132},"4":{"name":"obtenerPreferencias","decl":{"start":{"line":205,"column":15},"end":{"line":205,"column":34}},"loc":{"start":{"line":205,"column":47},"end":{"line":220,"column":1}},"line":205},"5":{"name":"obtenerEventos","decl":{"start":{"line":224,"column":15},"end":{"line":224,"column":29}},"loc":{"start":{"line":224,"column":32},"end":{"line":234,"column":1}},"line":224},"6":{"name":"filtrarEventos","decl":{"start":{"line":237,"column":9},"end":{"line":237,"column":23}},"loc":{"start":{"line":237,"column":47},"end":{"line":248,"column":1}},"line":237},"7":{"name":"(anonymous_7)","decl":{"start":{"line":238,"column":26},"end":{"line":238,"column":27}},"loc":{"start":{"line":238,"column":36},"end":{"line":247,"column":5}},"line":238},"8":{"name":"manejarError","decl":{"start":{"line":251,"column":9},"end":{"line":251,"column":21}},"loc":{"start":{"line":251,"column":43},"end":{"line":254,"column":1}},"line":251},"9":{"name":"(anonymous_9)","decl":{"start":{"line":258,"column":34},"end":{"line":258,"column":35}},"loc":{"start":{"line":258,"column":54},"end":{"line":281,"column":1}},"line":258}},"branchMap":{"0":{"loc":{"start":{"line":16,"column":8},"end":{"line":18,"column":9}},"type":"if","locations":[{"start":{"line":16,"column":8},"end":{"line":18,"column":9}},{"start":{},"end":{}}],"line":16},"1":{"loc":{"start":{"line":16,"column":12},"end":{"line":16,"column":81}},"type":"binary-expr","locations":[{"start":{"line":16,"column":12},"end":{"line":16,"column":23}},{"start":{"line":16,"column":27},"end":{"line":16,"column":34}},{"start":{"line":16,"column":38},"end":{"line":16,"column":44}},{"start":{"line":16,"column":48},"end":{"line":16,"column":58}},{"start":{"line":16,"column":62},"end":{"line":16,"column":68}},{"start":{"line":16,"column":72},"end":{"line":16,"column":81}}],"line":16},"2":{"loc":{"start":{"line":21,"column":8},"end":{"line":52,"column":9}},"type":"if","locations":[{"start":{"line":21,"column":8},"end":{"line":52,"column":9}},{"start":{},"end":{}}],"line":21},"3":{"loc":{"start":{"line":22,"column":12},"end":{"line":24,"column":13}},"type":"if","locations":[{"start":{"line":22,"column":12},"end":{"line":24,"column":13}},{"start":{},"end":{}}],"line":22},"4":{"loc":{"start":{"line":32,"column":12},"end":{"line":35,"column":13}},"type":"if","locations":[{"start":{"line":32,"column":12},"end":{"line":35,"column":13}},{"start":{},"end":{}}],"line":32},"5":{"loc":{"start":{"line":43,"column":12},"end":{"line":45,"column":13}},"type":"if","locations":[{"start":{"line":43,"column":12},"end":{"line":45,"column":13}},{"start":{},"end":{}}],"line":43},"6":{"loc":{"start":{"line":47,"column":12},"end":{"line":49,"column":13}},"type":"if","locations":[{"start":{"line":47,"column":12},"end":{"line":49,"column":13}},{"start":{},"end":{}}],"line":47},"7":{"loc":{"start":{"line":71,"column":8},"end":{"line":73,"column":9}},"type":"if","locations":[{"start":{"line":71,"column":8},"end":{"line":73,"column":9}},{"start":{},"end":{}}],"line":71},"8":{"loc":{"start":{"line":88,"column":6},"end":{"line":90,"column":7}},"type":"if","locations":[{"start":{"line":88,"column":6},"end":{"line":90,"column":7}},{"start":{},"end":{}}],"line":88},"9":{"loc":{"start":{"line":109,"column":8},"end":{"line":112,"column":9}},"type":"if","locations":[{"start":{"line":109,"column":8},"end":{"line":112,"column":9}},{"start":{},"end":{}}],"line":109},"10":{"loc":{"start":{"line":119,"column":8},"end":{"line":122,"column":9}},"type":"if","locations":[{"start":{"line":119,"column":8},"end":{"line":122,"column":9}},{"start":{},"end":{}}],"line":119},"11":{"loc":{"start":{"line":136,"column":4},"end":{"line":138,"column":5}},"type":"if","locations":[{"start":{"line":136,"column":4},"end":{"line":138,"column":5}},{"start":{},"end":{}}],"line":136},"12":{"loc":{"start":{"line":136,"column":8},"end":{"line":136,"column":27}},"type":"binary-expr","locations":[{"start":{"line":136,"column":8},"end":{"line":136,"column":16}},{"start":{"line":136,"column":20},"end":{"line":136,"column":27}}],"line":136},"13":{"loc":{"start":{"line":148,"column":8},"end":{"line":150,"column":9}},"type":"if","locations":[{"start":{"line":148,"column":8},"end":{"line":150,"column":9}},{"start":{},"end":{}}],"line":148},"14":{"loc":{"start":{"line":152,"column":8},"end":{"line":154,"column":9}},"type":"if","locations":[{"start":{"line":152,"column":8},"end":{"line":154,"column":9}},{"start":{},"end":{}}],"line":152},"15":{"loc":{"start":{"line":164,"column":8},"end":{"line":166,"column":9}},"type":"if","locations":[{"start":{"line":164,"column":8},"end":{"line":166,"column":9}},{"start":{},"end":{}}],"line":164},"16":{"loc":{"start":{"line":164,"column":12},"end":{"line":164,"column":56}},"type":"binary-expr","locations":[{"start":{"line":164,"column":12},"end":{"line":164,"column":22}},{"start":{"line":164,"column":26},"end":{"line":164,"column":56}}],"line":164},"17":{"loc":{"start":{"line":168,"column":8},"end":{"line":170,"column":9}},"type":"if","locations":[{"start":{"line":168,"column":8},"end":{"line":170,"column":9}},{"start":{},"end":{}}],"line":168},"18":{"loc":{"start":{"line":173,"column":8},"end":{"line":195,"column":9}},"type":"if","locations":[{"start":{"line":173,"column":8},"end":{"line":195,"column":9}},{"start":{"line":193,"column":15},"end":{"line":195,"column":9}}],"line":173},"19":{"loc":{"start":{"line":178,"column":12},"end":{"line":180,"column":13}},"type":"if","locations":[{"start":{"line":178,"column":12},"end":{"line":180,"column":13}},{"start":{},"end":{}}],"line":178},"20":{"loc":{"start":{"line":188,"column":12},"end":{"line":190,"column":13}},"type":"if","locations":[{"start":{"line":188,"column":12},"end":{"line":190,"column":13}},{"start":{},"end":{}}],"line":188},"21":{"loc":{"start":{"line":212,"column":4},"end":{"line":214,"column":5}},"type":"if","locations":[{"start":{"line":212,"column":4},"end":{"line":214,"column":5}},{"start":{},"end":{}}],"line":212},"22":{"loc":{"start":{"line":216,"column":4},"end":{"line":218,"column":5}},"type":"if","locations":[{"start":{"line":216,"column":4},"end":{"line":218,"column":5}},{"start":{},"end":{}}],"line":216},"23":{"loc":{"start":{"line":229,"column":4},"end":{"line":231,"column":5}},"type":"if","locations":[{"start":{"line":229,"column":4},"end":{"line":231,"column":5}},{"start":{},"end":{}}],"line":229},"24":{"loc":{"start":{"line":239,"column":30},"end":{"line":239,"column":68}},"type":"binary-expr","locations":[{"start":{"line":239,"column":30},"end":{"line":239,"column":59}},{"start":{"line":239,"column":63},"end":{"line":239,"column":68}}],"line":239},"25":{"loc":{"start":{"line":240,"column":31},"end":{"line":240,"column":70}},"type":"binary-expr","locations":[{"start":{"line":240,"column":31},"end":{"line":240,"column":61}},{"start":{"line":240,"column":65},"end":{"line":240,"column":70}}],"line":240},"26":{"loc":{"start":{"line":244,"column":26},"end":{"line":244,"column":67}},"type":"binary-expr","locations":[{"start":{"line":244,"column":26},"end":{"line":244,"column":58}},{"start":{"line":244,"column":62},"end":{"line":244,"column":67}}],"line":244},"27":{"loc":{"start":{"line":246,"column":15},"end":{"line":246,"column":59}},"type":"binary-expr","locations":[{"start":{"line":246,"column":15},"end":{"line":246,"column":28}},{"start":{"line":246,"column":32},"end":{"line":246,"column":46}},{"start":{"line":246,"column":50},"end":{"line":246,"column":59}}],"line":246}},"s":{"0":2,"1":2,"2":2,"3":2,"4":2,"5":2,"6":2,"7":2,"8":2,"9":2,"10":1,"11":1,"12":1,"13":1,"14":0,"15":1,"16":1,"17":1,"18":0,"19":0,"20":1,"21":1,"22":0,"23":1,"24":0,"25":1,"26":1,"27":1,"28":0,"29":1,"30":0,"31":2,"32":0,"33":0,"34":0,"35":0,"36":0,"37":0,"38":2,"39":0,"40":0,"41":0,"42":0,"43":0,"44":0,"45":0,"46":0,"47":0,"48":0,"49":0,"50":0,"51":0,"52":0,"53":2,"54":3,"55":3,"56":0,"57":3,"58":3,"59":3,"60":0,"61":3,"62":0,"63":3,"64":3,"65":0,"66":3,"67":1,"68":2,"69":1,"70":1,"71":0,"72":1,"73":1,"74":0,"75":1,"76":1,"77":0,"78":0,"79":0,"80":0,"81":0,"82":0,"83":0,"84":0,"85":0,"86":0,"87":0,"88":0,"89":0,"90":0,"91":0,"92":0,"93":0,"94":0,"95":0,"96":0,"97":2,"98":0,"99":0,"100":0,"101":0,"102":0,"103":0,"104":0,"105":0,"106":0,"107":0,"108":0},"f":{"0":2,"1":0,"2":0,"3":3,"4":0,"5":0,"6":0,"7":0,"8":0,"9":0},"b":{"0":[1,1],"1":[2,2,1,1,1,1],"2":[1,0],"3":[0,1],"4":[0,1],"5":[0,1],"6":[0,1],"7":[0,1],"8":[0,0],"9":[0,0],"10":[0,0],"11":[0,3],"12":[3,3],"13":[0,3],"14":[0,3],"15":[0,3],"16":[3,1],"17":[1,2],"18":[1,1],"19":[0,1],"20":[0,1],"21":[0,0],"22":[0,0],"23":[0,0],"24":[0,0],"25":[0,0],"26":[0,0],"27":[0,0,0]},"_coverageSchema":"1a1c01bbd47fc00a2c39e90264f33305004495a9","hash":"716db38e93f8bbebf487671c6bfbb21d717e5e1b"}
,"C:\\Users\\javichr11\\Desktop\\Nueva carpeta\\PIN-Backend\\BackEnd\\src\\controllers\\userController.js": {"path":"C:\\Users\\javichr11\\Desktop\\Nueva carpeta\\PIN-Backend\\BackEnd\\src\\controllers\\userController.js","statementMap":{"0":{"start":{"line":1,"column":17},"end":{"line":1,"column":46}},"1":{"start":{"line":2,"column":23},"end":{"line":2,"column":38}},"2":{"start":{"line":3,"column":15},"end":{"line":3,"column":32}},"3":{"start":{"line":5,"column":16},"end":{"line":5,"column":38}},"4":{"start":{"line":6,"column":15},"end":{"line":6,"column":43}},"5":{"start":{"line":8,"column":0},"end":{"line":112,"column":2}},"6":{"start":{"line":9,"column":2},"end":{"line":111,"column":3}},"7":{"start":{"line":10,"column":62},"end":{"line":10,"column":70}},"8":{"start":{"line":11,"column":17},"end":{"line":11,"column":25}},"9":{"start":{"line":13,"column":28},"end":{"line":13,"column":30}},"10":{"start":{"line":14,"column":6},"end":{"line":14,"column":50}},"11":{"start":{"line":14,"column":19},"end":{"line":14,"column":50}},"12":{"start":{"line":15,"column":6},"end":{"line":15,"column":46}},"13":{"start":{"line":15,"column":17},"end":{"line":15,"column":46}},"14":{"start":{"line":16,"column":6},"end":{"line":16,"column":54}},"15":{"start":{"line":16,"column":21},"end":{"line":16,"column":54}},"16":{"start":{"line":17,"column":6},"end":{"line":17,"column":66}},"17":{"start":{"line":17,"column":27},"end":{"line":17,"column":66}},"18":{"start":{"line":18,"column":6},"end":{"line":18,"column":48}},"19":{"start":{"line":18,"column":18},"end":{"line":18,"column":48}},"20":{"start":{"line":23,"column":6},"end":{"line":27,"column":7}},"21":{"start":{"line":24,"column":8},"end":{"line":26,"column":11}},"22":{"start":{"line":29,"column":66},"end":{"line":33,"column":15}},"23":{"start":{"line":35,"column":4},"end":{"line":37,"column":5}},"24":{"start":{"line":36,"column":6},"end":{"line":36,"column":115}},"25":{"start":{"line":39,"column":4},"end":{"line":41,"column":5}},"26":{"start":{"line":40,"column":6},"end":{"line":40,"column":91}},"27":{"start":{"line":43,"column":72},"end":{"line":47,"column":15}},"28":{"start":{"line":49,"column":4},"end":{"line":51,"column":5}},"29":{"start":{"line":50,"column":6},"end":{"line":50,"column":117}},"30":{"start":{"line":53,"column":4},"end":{"line":55,"column":5}},"31":{"start":{"line":54,"column":6},"end":{"line":54,"column":90}},"32":{"start":{"line":57,"column":18},"end":{"line":57,"column":22}},"33":{"start":{"line":58,"column":4},"end":{"line":89,"column":5}},"34":{"start":{"line":59,"column":6},"end":{"line":61,"column":7}},"35":{"start":{"line":60,"column":8},"end":{"line":60,"column":76}},"36":{"start":{"line":63,"column":23},"end":{"line":63,"column":57}},"37":{"start":{"line":64,"column":55},"end":{"line":67,"column":38}},"38":{"start":{"line":69,"column":6},"end":{"line":72,"column":7}},"39":{"start":{"line":70,"column":8},"end":{"line":70,"column":72}},"40":{"start":{"line":71,"column":8},"end":{"line":71,"column":97}},"41":{"start":{"line":75,"column":61},"end":{"line":78,"column":31}},"42":{"start":{"line":80,"column":6},"end":{"line":82,"column":7}},"43":{"start":{"line":81,"column":8},"end":{"line":81,"column":112}},"44":{"start":{"line":84,"column":6},"end":{"line":86,"column":7}},"45":{"start":{"line":85,"column":8},"end":{"line":85,"column":100}},"46":{"start":{"line":88,"column":6},"end":{"line":88,"column":40}},"47":{"start":{"line":92,"column":28},"end":{"line":102,"column":6}},"48":{"start":{"line":104,"column":4},"end":{"line":106,"column":5}},"49":{"start":{"line":105,"column":6},"end":{"line":105,"column":83}},"50":{"start":{"line":108,"column":4},"end":{"line":108,"column":83}},"51":{"start":{"line":110,"column":4},"end":{"line":110,"column":74}},"52":{"start":{"line":117,"column":0},"end":{"line":130,"column":4}},"53":{"start":{"line":119,"column":5},"end":{"line":119,"column":31}},"54":{"start":{"line":121,"column":28},"end":{"line":123,"column":18}},"55":{"start":{"line":125,"column":4},"end":{"line":127,"column":5}},"56":{"start":{"line":126,"column":6},"end":{"line":126,"column":60}},"57":{"start":{"line":129,"column":4},"end":{"line":129,"column":31}},"58":{"start":{"line":131,"column":2},"end":{"line":181,"column":3}},"59":{"start":{"line":133,"column":40},"end":{"line":133,"column":48}},"60":{"start":{"line":135,"column":4},"end":{"line":137,"column":5}},"61":{"start":{"line":136,"column":6},"end":{"line":136,"column":74}},"62":{"start":{"line":139,"column":4},"end":{"line":139,"column":71}},"63":{"start":{"line":141,"column":4},"end":{"line":180,"column":5}},"64":{"start":{"line":143,"column":55},"end":{"line":146,"column":19}},"65":{"start":{"line":148,"column":6},"end":{"line":151,"column":7}},"66":{"start":{"line":149,"column":8},"end":{"line":149,"column":73}},"67":{"start":{"line":150,"column":8},"end":{"line":150,"column":68}},"68":{"start":{"line":152,"column":20},"end":{"line":152,"column":36}},"69":{"start":{"line":154,"column":22},"end":{"line":154,"column":24}},"70":{"start":{"line":155,"column":6},"end":{"line":159,"column":7}},"71":{"start":{"line":156,"column":6},"end":{"line":158,"column":7}},"72":{"start":{"line":157,"column":8},"end":{"line":157,"column":28}},"73":{"start":{"line":161,"column":4},"end":{"line":172,"column":5}},"74":{"start":{"line":163,"column":37},"end":{"line":166,"column":24}},"75":{"start":{"line":168,"column":6},"end":{"line":171,"column":7}},"76":{"start":{"line":169,"column":8},"end":{"line":169,"column":86}},"77":{"start":{"line":170,"column":8},"end":{"line":170,"column":68}},"78":{"start":{"line":174,"column":4},"end":{"line":174,"column":79}},"79":{"start":{"line":178,"column":6},"end":{"line":178,"column":65}},"80":{"start":{"line":179,"column":6},"end":{"line":179,"column":69}}},"fnMap":{"0":{"name":"(anonymous_0)","decl":{"start":{"line":8,"column":27},"end":{"line":8,"column":28}},"loc":{"start":{"line":8,"column":47},"end":{"line":112,"column":1}},"line":8},"1":{"name":"(anonymous_1)","decl":{"start":{"line":117,"column":26},"end":{"line":117,"column":27}},"loc":{"start":{"line":117,"column":46},"end":{"line":130,"column":3}},"line":117},"2":{"name":"(anonymous_2)","decl":{"start":{"line":131,"column":34},"end":{"line":131,"column":35}},"loc":{"start":{"line":131,"column":53},"end":{"line":181,"column":3}},"line":131},"3":{"name":"(anonymous_3)","decl":{"start":{"line":155,"column":43},"end":{"line":155,"column":44}},"loc":{"start":{"line":155,"column":61},"end":{"line":159,"column":5}},"line":155}},"branchMap":{"0":{"loc":{"start":{"line":14,"column":6},"end":{"line":14,"column":50}},"type":"if","locations":[{"start":{"line":14,"column":6},"end":{"line":14,"column":50}},{"start":{},"end":{}}],"line":14},"1":{"loc":{"start":{"line":15,"column":6},"end":{"line":15,"column":46}},"type":"if","locations":[{"start":{"line":15,"column":6},"end":{"line":15,"column":46}},{"start":{},"end":{}}],"line":15},"2":{"loc":{"start":{"line":16,"column":6},"end":{"line":16,"column":54}},"type":"if","locations":[{"start":{"line":16,"column":6},"end":{"line":16,"column":54}},{"start":{},"end":{}}],"line":16},"3":{"loc":{"start":{"line":17,"column":6},"end":{"line":17,"column":66}},"type":"if","locations":[{"start":{"line":17,"column":6},"end":{"line":17,"column":66}},{"start":{},"end":{}}],"line":17},"4":{"loc":{"start":{"line":18,"column":6},"end":{"line":18,"column":48}},"type":"if","locations":[{"start":{"line":18,"column":6},"end":{"line":18,"column":48}},{"start":{},"end":{}}],"line":18},"5":{"loc":{"start":{"line":23,"column":6},"end":{"line":27,"column":7}},"type":"if","locations":[{"start":{"line":23,"column":6},"end":{"line":27,"column":7}},{"start":{},"end":{}}],"line":23},"6":{"loc":{"start":{"line":35,"column":4},"end":{"line":37,"column":5}},"type":"if","locations":[{"start":{"line":35,"column":4},"end":{"line":37,"column":5}},{"start":{},"end":{}}],"line":35},"7":{"loc":{"start":{"line":35,"column":8},"end":{"line":35,"column":62}},"type":"binary-expr","locations":[{"start":{"line":35,"column":8},"end":{"line":35,"column":23}},{"start":{"line":35,"column":27},"end":{"line":35,"column":62}}],"line":35},"8":{"loc":{"start":{"line":39,"column":4},"end":{"line":41,"column":5}},"type":"if","locations":[{"start":{"line":39,"column":4},"end":{"line":41,"column":5}},{"start":{},"end":{}}],"line":39},"9":{"loc":{"start":{"line":49,"column":4},"end":{"line":51,"column":5}},"type":"if","locations":[{"start":{"line":49,"column":4},"end":{"line":51,"column":5}},{"start":{},"end":{}}],"line":49},"10":{"loc":{"start":{"line":49,"column":8},"end":{"line":49,"column":68}},"type":"binary-expr","locations":[{"start":{"line":49,"column":8},"end":{"line":49,"column":26}},{"start":{"line":49,"column":30},"end":{"line":49,"column":68}}],"line":49},"11":{"loc":{"start":{"line":53,"column":4},"end":{"line":55,"column":5}},"type":"if","locations":[{"start":{"line":53,"column":4},"end":{"line":55,"column":5}},{"start":{},"end":{}}],"line":53},"12":{"loc":{"start":{"line":58,"column":4},"end":{"line":89,"column":5}},"type":"if","locations":[{"start":{"line":58,"column":4},"end":{"line":89,"column":5}},{"start":{},"end":{}}],"line":58},"13":{"loc":{"start":{"line":59,"column":6},"end":{"line":61,"column":7}},"type":"if","locations":[{"start":{"line":59,"column":6},"end":{"line":61,"column":7}},{"start":{},"end":{}}],"line":59},"14":{"loc":{"start":{"line":69,"column":6},"end":{"line":72,"column":7}},"type":"if","locations":[{"start":{"line":69,"column":6},"end":{"line":72,"column":7}},{"start":{},"end":{}}],"line":69},"15":{"loc":{"start":{"line":80,"column":6},"end":{"line":82,"column":7}},"type":"if","locations":[{"start":{"line":80,"column":6},"end":{"line":82,"column":7}},{"start":{},"end":{}}],"line":80},"16":{"loc":{"start":{"line":84,"column":6},"end":{"line":86,"column":7}},"type":"if","locations":[{"start":{"line":84,"column":6},"end":{"line":86,"column":7}},{"start":{},"end":{}}],"line":84},"17":{"loc":{"start":{"line":104,"column":4},"end":{"line":106,"column":5}},"type":"if","locations":[{"start":{"line":104,"column":4},"end":{"line":106,"column":5}},{"start":{},"end":{}}],"line":104},"18":{"loc":{"start":{"line":125,"column":4},"end":{"line":127,"column":5}},"type":"if","locations":[{"start":{"line":125,"column":4},"end":{"line":127,"column":5}},{"start":{},"end":{}}],"line":125},"19":{"loc":{"start":{"line":135,"column":4},"end":{"line":137,"column":5}},"type":"if","locations":[{"start":{"line":135,"column":4},"end":{"line":137,"column":5}},{"start":{},"end":{}}],"line":135},"20":{"loc":{"start":{"line":148,"column":6},"end":{"line":151,"column":7}},"type":"if","locations":[{"start":{"line":148,"column":6},"end":{"line":151,"column":7}},{"start":{},"end":{}}],"line":148},"21":{"loc":{"start":{"line":156,"column":6},"end":{"line":158,"column":7}},"type":"if","locations":[{"start":{"line":156,"column":6},"end":{"line":158,"column":7}},{"start":{},"end":{}}],"line":156},"22":{"loc":{"start":{"line":161,"column":4},"end":{"line":172,"column":5}},"type":"if","locations":[{"start":{"line":161,"column":4},"end":{"line":172,"column":5}},{"start":{},"end":{}}],"line":161},"23":{"loc":{"start":{"line":168,"column":6},"end":{"line":171,"column":7}},"type":"if","locations":[{"start":{"line":168,"column":6},"end":{"line":171,"column":7}},{"start":{},"end":{}}],"line":168}},"s":{"0":1,"1":1,"2":1,"3":1,"4":1,"5":1,"6":2,"7":2,"8":2,"9":2,"10":2,"11":0,"12":2,"13":1,"14":2,"15":0,"16":2,"17":0,"18":2,"19":0,"20":2,"21":1,"22":1,"23":1,"24":0,"25":1,"26":0,"27":1,"28":1,"29":0,"30":1,"31":0,"32":1,"33":1,"34":0,"35":0,"36":0,"37":0,"38":0,"39":0,"40":0,"41":0,"42":0,"43":0,"44":0,"45":0,"46":0,"47":1,"48":1,"49":0,"50":1,"51":0,"52":1,"53":0,"54":0,"55":0,"56":0,"57":0,"58":1,"59":0,"60":0,"61":0,"62":0,"63":0,"64":0,"65":0,"66":0,"67":0,"68":0,"69":0,"70":0,"71":0,"72":0,"73":0,"74":0,"75":0,"76":0,"77":0,"78":0,"79":0,"80":0},"f":{"0":2,"1":0,"2":0,"3":0},"b":{"0":[0,2],"1":[1,1],"2":[0,2],"3":[0,2],"4":[0,2],"5":[1,1],"6":[0,1],"7":[1,0],"8":[0,1],"9":[0,1],"10":[1,0],"11":[0,1],"12":[0,1],"13":[0,0],"14":[0,0],"15":[0,0],"16":[0,0],"17":[0,1],"18":[0,0],"19":[0,0],"20":[0,0],"21":[0,0],"22":[0,0],"23":[0,0]},"_coverageSchema":"1a1c01bbd47fc00a2c39e90264f33305004495a9","hash":"cb7e90b7b20bc361c94c4b480d93f464b7cc50e4"}
}
