TN:
SF:src\controllers\eventController.js
FN:10,(anonymous_0)
FN:82,(anonymous_1)
FN:97,(anonymous_2)
FN:132,(anonymous_3)
FN:205,obtenerPreferencias
FN:224,obtenerEventos
FN:237,filtrarEventos
FN:238,(anonymous_7)
FN:251,manejarError
FN:258,(anonymous_9)
FNF:10
FNH:2
FNDA:2,(anonymous_0)
FNDA:0,(anonymous_1)
FNDA:0,(anonymous_2)
FNDA:3,(anonymous_3)
FNDA:0,obtenerPreferencias
FNDA:0,obtenerEventos
FNDA:0,filtrarEventos
FNDA:0,(anonymous_7)
FNDA:0,manejarError
FNDA:0,(anonymous_9)
DA:1,2
DA:2,2
DA:3,2
DA:5,2
DA:6,2
DA:10,2
DA:11,2
DA:12,2
DA:13,2
DA:16,2
DA:17,1
DA:20,1
DA:21,1
DA:22,1
DA:23,0
DA:26,1
DA:27,1
DA:32,1
DA:33,0
DA:34,0
DA:38,1
DA:43,1
DA:44,0
DA:47,1
DA:48,0
DA:51,1
DA:55,1
DA:71,1
DA:72,0
DA:75,1
DA:77,0
DA:82,2
DA:83,0
DA:84,0
DA:88,0
DA:89,0
DA:91,0
DA:93,0
DA:97,2
DA:98,0
DA:100,0
DA:102,0
DA:104,0
DA:109,0
DA:110,0
DA:111,0
DA:114,0
DA:119,0
DA:120,0
DA:121,0
DA:124,0
DA:126,0
DA:127,0
DA:132,2
DA:133,3
DA:136,3
DA:137,0
DA:140,3
DA:142,3
DA:148,3
DA:149,0
DA:152,3
DA:153,0
DA:157,3
DA:164,3
DA:165,0
DA:168,3
DA:169,1
DA:173,2
DA:174,1
DA:178,1
DA:179,0
DA:183,1
DA:188,1
DA:189,0
DA:192,1
DA:194,1
DA:197,0
DA:198,0
DA:206,0
DA:212,0
DA:213,0
DA:216,0
DA:217,0
DA:219,0
DA:225,0
DA:229,0
DA:230,0
DA:233,0
DA:238,0
DA:239,0
DA:240,0
DA:243,0
DA:244,0
DA:246,0
DA:252,0
DA:253,0
DA:258,2
DA:259,0
DA:260,0
DA:261,0
DA:263,0
DA:264,0
DA:266,0
DA:267,0
DA:269,0
DA:270,0
DA:272,0
DA:279,0
LF:109
LH:45
BRDA:16,0,0,1
BRDA:16,0,1,1
BRDA:16,1,0,2
BRDA:16,1,1,2
BRDA:16,1,2,1
BRDA:16,1,3,1
BRDA:16,1,4,1
BRDA:16,1,5,1
BRDA:21,2,0,1
BRDA:21,2,1,0
BRDA:22,3,0,0
BRDA:22,3,1,1
BRDA:32,4,0,0
BRDA:32,4,1,1
BRDA:43,5,0,0
BRDA:43,5,1,1
BRDA:47,6,0,0
BRDA:47,6,1,1
BRDA:71,7,0,0
BRDA:71,7,1,1
BRDA:88,8,0,0
BRDA:88,8,1,0
BRDA:109,9,0,0
BRDA:109,9,1,0
BRDA:119,10,0,0
BRDA:119,10,1,0
BRDA:136,11,0,0
BRDA:136,11,1,3
BRDA:136,12,0,3
BRDA:136,12,1,3
BRDA:148,13,0,0
BRDA:148,13,1,3
BRDA:152,14,0,0
BRDA:152,14,1,3
BRDA:164,15,0,0
BRDA:164,15,1,3
BRDA:164,16,0,3
BRDA:164,16,1,1
BRDA:168,17,0,1
BRDA:168,17,1,2
BRDA:173,18,0,1
BRDA:173,18,1,1
BRDA:178,19,0,0
BRDA:178,19,1,1
BRDA:188,20,0,0
BRDA:188,20,1,1
BRDA:212,21,0,0
BRDA:212,21,1,0
BRDA:216,22,0,0
BRDA:216,22,1,0
BRDA:229,23,0,0
BRDA:229,23,1,0
BRDA:239,24,0,0
BRDA:239,24,1,0
BRDA:240,25,0,0
BRDA:240,25,1,0
BRDA:244,26,0,0
BRDA:244,26,1,0
BRDA:246,27,0,0
BRDA:246,27,1,0
BRDA:246,27,2,0
BRF:61
BRH:28
end_of_record
TN:
SF:src\controllers\userController.js
FN:8,(anonymous_0)
FN:117,(anonymous_1)
FN:131,(anonymous_2)
FN:155,(anonymous_3)
FNF:4
FNH:1
FNDA:2,(anonymous_0)
FNDA:0,(anonymous_1)
FNDA:0,(anonymous_2)
FNDA:0,(anonymous_3)
DA:1,1
DA:2,1
DA:3,1
DA:5,1
DA:6,1
DA:8,1
DA:9,2
DA:10,2
DA:11,2
DA:13,2
DA:14,2
DA:15,2
DA:16,2
DA:17,2
DA:18,2
DA:23,2
DA:24,1
DA:29,1
DA:35,1
DA:36,0
DA:39,1
DA:40,0
DA:43,1
DA:49,1
DA:50,0
DA:53,1
DA:54,0
DA:57,1
DA:58,1
DA:59,0
DA:60,0
DA:63,0
DA:64,0
DA:69,0
DA:70,0
DA:71,0
DA:75,0
DA:80,0
DA:81,0
DA:84,0
DA:85,0
DA:88,0
DA:92,1
DA:104,1
DA:105,0
DA:108,1
DA:110,0
DA:117,1
DA:119,0
DA:121,0
DA:125,0
DA:126,0
DA:129,0
DA:131,1
DA:133,0
DA:135,0
DA:136,0
DA:139,0
DA:141,0
DA:143,0
DA:148,0
DA:149,0
DA:150,0
DA:152,0
DA:154,0
DA:155,0
DA:156,0
DA:157,0
DA:161,0
DA:163,0
DA:168,0
DA:169,0
DA:170,0
DA:174,0
DA:178,0
DA:179,0
LF:76
LH:30
BRDA:14,0,0,0
BRDA:14,0,1,2
BRDA:15,1,0,1
BRDA:15,1,1,1
BRDA:16,2,0,0
BRDA:16,2,1,2
BRDA:17,3,0,0
BRDA:17,3,1,2
BRDA:18,4,0,0
BRDA:18,4,1,2
BRDA:23,5,0,1
BRDA:23,5,1,1
BRDA:35,6,0,0
BRDA:35,6,1,1
BRDA:35,7,0,1
BRDA:35,7,1,0
BRDA:39,8,0,0
BRDA:39,8,1,1
BRDA:49,9,0,0
BRDA:49,9,1,1
BRDA:49,10,0,1
BRDA:49,10,1,0
BRDA:53,11,0,0
BRDA:53,11,1,1
BRDA:58,12,0,0
BRDA:58,12,1,1
BRDA:59,13,0,0
BRDA:59,13,1,0
BRDA:69,14,0,0
BRDA:69,14,1,0
BRDA:80,15,0,0
BRDA:80,15,1,0
BRDA:84,16,0,0
BRDA:84,16,1,0
BRDA:104,17,0,0
BRDA:104,17,1,1
BRDA:125,18,0,0
BRDA:125,18,1,0
BRDA:135,19,0,0
BRDA:135,19,1,0
BRDA:148,20,0,0
BRDA:148,20,1,0
BRDA:156,21,0,0
BRDA:156,21,1,0
BRDA:161,22,0,0
BRDA:161,22,1,0
BRDA:168,23,0,0
BRDA:168,23,1,0
BRF:48
BRH:16
end_of_record
